{
  "stats": {
    "suites": 1,
    "tests": 2,
    "passes": 2,
    "pending": 0,
    "failures": 0,
    "start": "2020-07-01T11:15:04.977Z",
    "end": "2020-07-01T11:15:16.999Z",
    "duration": 12022,
    "testsRegistered": 2,
    "passPercent": 100,
    "pendingPercent": 0,
    "other": 0,
    "hasOther": false,
    "skipped": 0,
    "hasSkipped": false
  },
  "results": [
    {
      "uuid": "cb5f1289-3ac1-4658-be37-3525d3dfe003",
      "title": "",
      "fullFile": "cypress\\integration\\todo_spec.ts",
      "file": "cypress\\integration\\todo_spec.ts",
      "beforeHooks": [],
      "afterHooks": [],
      "tests": [],
      "suites": [
        {
          "uuid": "68989b82-ef47-4292-b9d4-a8971039fe78",
          "title": "Todo",
          "fullFile": "",
          "file": "",
          "beforeHooks": [],
          "afterHooks": [],
          "tests": [
            {
              "title": "Adds 1 item",
              "fullTitle": "Todo Adds 1 item",
              "timedOut": null,
              "duration": 5020,
              "state": "passed",
              "speed": "slow",
              "pass": true,
              "fail": false,
              "pending": false,
              "context": "\"videos/todo_spec.ts.mp4\"",
              "code": "cy.visit('http://todomvc.com/examples/vue/')\n  .get('input.new-todo')\n  .type('First Todo{enter}')\n  .get('ul.todo-list li')\n  .should('have.length',1)\n  .should(el => {\n    expect(el.text().trim()).to.eq('First Todo');\n  })\n  .get('footer.footer span.todo-count')\n  .should(el => {\n    expect(el.text().trim()).to.eq('1 item left');\n  });",
              "err": {},
              "uuid": "8f20ea19-00e5-446f-bc30-c145e410d6cb",
              "parentUUID": "68989b82-ef47-4292-b9d4-a8971039fe78",
              "isHook": false,
              "skipped": false
            },
            {
              "title": "Adds 2 items",
              "fullTitle": "Todo Adds 2 items",
              "timedOut": null,
              "duration": 1256,
              "state": "passed",
              "speed": "slow",
              "pass": true,
              "fail": false,
              "pending": false,
              "context": "\"videos/todo_spec.ts.mp4\"",
              "code": "cy.visit('http://todomvc.com/examples/vue/')\n  .get('input.new-todo')\n  .type('First Todo{enter}')\n  .get('ul.todo-list li')\n  .should('have.length',1)\n  .should(el => {\n    expect(el.text().trim()).to.eq('First Todo');\n  })\n  .get('footer.footer span.todo-count')\n  .should(el => {\n    expect(el.text().trim()).to.eq('1 item left');\n  })\n  .get('input.new-todo')\n  .type('Second Todo{enter}')\n  .get('ul.todo-list li')\n  .should('have.length',2)\n  .get('ul.todo-list li:nth-child(1)')\n  .should(el => {\n    expect(el.text().trim()).to.eq('First Todo');\n  })\n  .get('ul.todo-list li:nth-child(2)')\n  .should(el => {\n    expect(el.text().trim()).to.eq('Second Todo');\n  });",
              "err": {},
              "uuid": "dd64eaa8-d9e6-4357-8594-7957fee8980b",
              "parentUUID": "68989b82-ef47-4292-b9d4-a8971039fe78",
              "isHook": false,
              "skipped": false
            }
          ],
          "suites": [],
          "passes": [
            "8f20ea19-00e5-446f-bc30-c145e410d6cb",
            "dd64eaa8-d9e6-4357-8594-7957fee8980b"
          ],
          "failures": [],
          "pending": [],
          "skipped": [],
          "duration": 6276,
          "root": false,
          "rootEmpty": false,
          "_timeout": 2000
        }
      ],
      "passes": [],
      "failures": [],
      "pending": [],
      "skipped": [],
      "duration": 0,
      "root": true,
      "rootEmpty": true,
      "_timeout": 2000
    }
  ],
  "meta": {
    "mocha": {
      "version": "7.0.1"
    },
    "mochawesome": {
      "options": {
        "quiet": false,
        "reportFilename": "mochawesome",
        "saveHtml": false,
        "saveJson": true,
        "consoleReporter": "spec",
        "useInlineDiffs": false,
        "code": true
      },
      "version": "6.1.1"
    },
    "marge": {
      "options": {
        "id": "default",
        "reportDir": "cypress/results/json",
        "overwrite": false,
        "html": false,
        "json": true
      },
      "version": "5.1.0"
    }
  }
}